[10:46:56] start tasks=14 dry_run=False
[10:46:57] OK 1/14 video_id=26120835 http=200 len=10341
[10:46:58] OK 2/14 video_id=26120901 http=200 len=10341
[10:46:58] OK 3/14 video_id=26120944 http=200 len=10341
[10:46:59] OK 4/14 video_id=26120962 http=200 len=10341
[10:46:59] OK 5/14 video_id=26121002 http=200 len=10341
[10:47:00] OK 6/14 video_id=26121050 http=200 len=10341
[10:47:01] OK 7/14 video_id=26121107 http=200 len=10341
[10:47:01] OK 8/14 video_id=26121176 http=200 len=10341
[10:47:02] OK 9/14 video_id=26121224 http=200 len=10341
[10:47:03] OK 10/14 video_id=26121294 http=200 len=10341
[10:47:03] OK 11/14 video_id=26121336 http=200 len=10341
[10:47:04] OK 12/14 video_id=26121380 http=200 len=10341
[10:47:05] OK 13/14 video_id=26121410 http=200 len=10341
[10:47:05] OK 14/14 video_id=26121443 http=200 len=10341
[10:47:05] done ok=14 fail=0
[10:48:48] start tasks=0 dry_run=False
[11:13:19] start tasks=3 dry_run=False
[11:13:21] OK 1/3 video_id=26121726 http=200 len=10337
[11:13:21] OK 2/3 video_id=26121755 http=200 len=10337
[11:13:22] OK 3/3 video_id=26121797 http=200 len=10337
[11:13:22] done ok=3 fail=0
[11:25:32] start tasks=5 dry_run=False
[11:25:34] OK 1/5 video_id=26122163 http=200 len=10344
[11:25:35] OK 2/5 video_id=26122203 http=200 len=10344
[11:25:36] OK 3/5 video_id=26122229 http=200 len=10344
[11:25:36] OK 4/5 video_id=26122275 http=200 len=10344
[11:25:37] OK 5/5 video_id=26122292 http=200 len=10344
[11:25:37] done ok=5 fail=0
[11:39:07] start tasks=5 dry_run=False
[11:39:09] OK 1/5 video_id=26122500 http=200 len=10299
[11:39:10] OK 2/5 video_id=26122520 http=200 len=10299
[11:39:10] OK 3/5 video_id=26122546 http=200 len=10299
[11:39:11] OK 4/5 video_id=26122569 http=200 len=10299
[11:39:12] OK 5/5 video_id=26122592 http=200 len=10299
[11:39:12] done ok=5 fail=0
[12:50:45] start tasks=5 dry_run=False
[12:50:47] OK 1/5 video_id=26124408 http=200 len=10241
[12:50:47] OK 2/5 video_id=26124425 http=200 len=10241
[12:50:48] OK 3/5 video_id=26124439 http=200 len=10241
[12:50:49] OK 4/5 video_id=26124454 http=200 len=10241
[12:50:50] OK 5/5 video_id=26124469 http=200 len=10241
[12:50:50] done ok=5 fail=0
[13:56:02] start tasks=5 dry_run=False
[13:56:04] OK 1/5 video_id=26125335 http=200 len=10267
[13:56:05] OK 2/5 video_id=26125346 http=200 len=10267
[13:56:06] OK 3/5 video_id=26125359 http=200 len=10267
[13:56:06] OK 4/5 video_id=26125375 http=200 len=10267
[13:56:07] OK 5/5 video_id=26125389 http=200 len=10267
[13:56:07] done ok=5 fail=0
[15:17:12] start tasks=5 dry_run=False
[15:17:16] OK 1/5 video_id=26128172 http=200 len=10309
[15:17:17] OK 2/5 video_id=26128207 http=200 len=10309
[15:17:18] OK 3/5 video_id=26128226 http=200 len=10309
[15:17:18] OK 4/5 video_id=26128249 http=200 len=10309
[15:17:19] OK 5/5 video_id=26128265 http=200 len=10309
[15:17:19] done ok=5 fail=0
[16:12:37] start tasks=5 dry_run=False
[16:12:39] OK 1/5 video_id=26129617 http=200 len=10267
[16:12:40] OK 2/5 video_id=26129657 http=200 len=10267
[16:12:41] OK 3/5 video_id=26129723 http=200 len=10267
[16:12:42] OK 4/5 video_id=26129767 http=200 len=10267
[16:12:42] OK 5/5 video_id=26129814 http=200 len=10267
[16:12:42] done ok=5 fail=0
[16:34:19] start tasks=0 dry_run=False
[16:42:15] start tasks=5 dry_run=False
[16:42:17] OK 1/5 video_id=26130474 http=200 len=10263
[16:42:17] OK 2/5 video_id=26130526 http=200 len=10263
[16:42:18] OK 3/5 video_id=26130585 http=200 len=10263
[16:42:19] OK 4/5 video_id=26130621 http=200 len=10263
[16:42:20] OK 5/5 video_id=26130659 http=200 len=10263
[16:42:20] done ok=5 fail=0
[17:23:22] start tasks=5 dry_run=False
[17:23:24] OK 1/5 video_id=26131567 http=200 len=10300
[17:23:25] OK 2/5 video_id=26131582 http=200 len=10300
[17:23:25] OK 3/5 video_id=26131600 http=200 len=10300
[17:23:26] OK 4/5 video_id=26131618 http=200 len=10300
[17:23:27] OK 5/5 video_id=26131632 http=200 len=10300
[17:23:27] done ok=5 fail=0
[17:32:50] start tasks=5 dry_run=False
[17:32:52] OK 1/5 video_id=26131697 http=200 len=10335
[17:32:52] OK 2/5 video_id=26131711 http=200 len=10335
[17:32:53] OK 3/5 video_id=26131732 http=200 len=10335
[17:32:54] OK 4/5 video_id=26131745 http=200 len=10335
[17:32:55] OK 5/5 video_id=26131770 http=200 len=10335
[17:32:55] done ok=5 fail=0
[01:33:47] start tasks=0 dry_run=False
[09:17:22] start tasks=1 dry_run=False
[09:17:23] OK 1/1 video_id=26155197 http=200 len=10506
[09:17:23] done ok=1 fail=0
[10:47:57] start state_files=3 tasks=100 dry_run=False
[10:47:59] OK 1/100 state=uploaded-shard-0.json video_id=26133045 http=200 len=10377
[10:48:00] OK 2/100 state=uploaded-shard-0.json video_id=26133951 http=200 len=10377
[10:48:01] OK 3/100 state=uploaded-shard-0.json video_id=26135238 http=200 len=10377
[10:48:02] OK 4/100 state=uploaded-shard-0.json video_id=26136034 http=200 len=10377
[10:48:02] OK 5/100 state=uploaded-shard-0.json video_id=26136097 http=200 len=10377
[10:48:03] OK 6/100 state=uploaded-shard-0.json video_id=26136148 http=200 len=10377
[10:48:04] OK 7/100 state=uploaded-shard-0.json video_id=26136343 http=200 len=10377
[10:48:05] OK 8/100 state=uploaded-shard-0.json video_id=26136390 http=200 len=10377
[10:48:06] OK 9/100 state=uploaded-shard-0.json video_id=26136509 http=200 len=10377
[10:48:07] OK 10/100 state=uploaded-shard-0.json video_id=26136530 http=200 len=10377
[10:48:08] OK 11/100 state=uploaded-shard-0.json video_id=26136564 http=200 len=10377
[10:48:08] OK 12/100 state=uploaded-shard-0.json video_id=26136673 http=200 len=10377
[10:48:09] OK 13/100 state=uploaded-shard-0.json video_id=26136910 http=200 len=10377
[10:48:10] OK 14/100 state=uploaded-shard-0.json video_id=26137066 http=200 len=10377
[10:48:11] OK 15/100 state=uploaded-shard-0.json video_id=26137101 http=200 len=10377
[10:48:12] OK 16/100 state=uploaded-shard-0.json video_id=26137351 http=200 len=10377
[10:48:13] OK 17/100 state=uploaded-shard-0.json video_id=26137559 http=200 len=10377
[10:48:14] OK 18/100 state=uploaded-shard-0.json video_id=26137634 http=200 len=10377
[10:48:15] OK 19/100 state=uploaded-shard-0.json video_id=26137655 http=200 len=10377
[10:48:16] OK 20/100 state=uploaded-shard-0.json video_id=26137744 http=200 len=10377
[10:48:17] OK 21/100 state=uploaded-shard-0.json video_id=26137788 http=200 len=10377
[10:48:18] OK 22/100 state=uploaded-shard-0.json video_id=26137821 http=200 len=10377
[10:48:18] OK 23/100 state=uploaded-shard-0.json video_id=26137981 http=200 len=10377
[10:48:19] OK 24/100 state=uploaded-shard-0.json video_id=26138034 http=200 len=10377
[10:48:20] OK 25/100 state=uploaded-shard-0.json video_id=26138094 http=200 len=10377
[10:48:21] OK 26/100 state=uploaded-shard-0.json video_id=26138396 http=200 len=10377
[10:48:22] OK 27/100 state=uploaded-shard-0.json video_id=26138498 http=200 len=10377
[10:48:23] OK 28/100 state=uploaded-shard-0.json video_id=26138524 http=200 len=10377
[10:48:24] OK 29/100 state=uploaded-shard-0.json video_id=26138569 http=200 len=10377
[10:48:25] OK 30/100 state=uploaded-shard-0.json video_id=26155631 http=200 len=10377
[10:48:26] OK 31/100 state=uploaded-shard-0.json video_id=26155805 http=200 len=10377
[10:48:26] OK 32/100 state=uploaded-shard-0.json video_id=26155878 http=200 len=10377
[10:48:27] OK 33/100 state=uploaded-shard-0.json video_id=26155967 http=200 len=10377
[10:48:28] OK 34/100 state=uploaded-shard-0.json video_id=26156081 http=200 len=10377
[10:48:29] OK 35/100 state=uploaded-shard-0.json video_id=26156240 http=200 len=10377
[10:48:32] OK 36/100 state=uploaded-shard-0.json video_id=26156338 http=200 len=10377
[10:48:33] OK 37/100 state=uploaded-shard-0.json video_id=26156430 http=200 len=10377
[10:48:34] OK 38/100 state=uploaded-shard-0.json video_id=26156521 http=200 len=10377
[10:48:35] OK 39/100 state=uploaded-shard-0.json video_id=26156657 http=200 len=10377
[10:48:35] OK 40/100 state=uploaded-shard-0.json video_id=26156734 http=200 len=10377
[10:48:36] OK 41/100 state=uploaded-shard-0.json video_id=26156803 http=200 len=10377
[10:48:37] OK 42/100 state=uploaded-shard-0.json video_id=26156840 http=200 len=10377
[10:48:38] OK 43/100 state=uploaded-shard-0.json video_id=26156878 http=200 len=10377
[10:48:39] OK 44/100 state=uploaded-shard-0.json video_id=26155856 http=200 len=10377
[10:48:40] OK 45/100 state=uploaded-shard-0.json video_id=26156030 http=200 len=10377
[10:48:41] OK 46/100 state=uploaded-shard-0.json video_id=26156234 http=200 len=10377
[10:48:42] OK 47/100 state=uploaded-shard-0.json video_id=26156340 http=200 len=10377
[10:48:42] OK 48/100 state=uploaded-shard-0.json video_id=26156452 http=200 len=10377
[10:48:43] OK 49/100 state=uploaded-shard-0.json video_id=26156562 http=200 len=10377
[10:48:44] OK 50/100 state=uploaded-shard-0.json video_id=26156641 http=200 len=10377
[10:48:45] OK 51/100 state=uploaded-shard-0.json video_id=26156716 http=200 len=10377
[10:48:46] OK 52/100 state=uploaded-shard-0.json video_id=26156793 http=200 len=10377
[10:48:47] OK 53/100 state=uploaded-shard-0.json video_id=26156848 http=200 len=10377
[10:48:48] OK 54/100 state=uploaded-shard-0.json video_id=26158525 http=200 len=10377
[10:48:48] OK 55/100 state=uploaded-shard-0.json video_id=26158551 http=200 len=10377
[10:48:49] OK 56/100 state=uploaded-shard-0.json video_id=26158592 http=200 len=10377
[10:48:50] OK 57/100 state=uploaded-shard-0.json video_id=26158623 http=200 len=10377
[10:48:51] OK 58/100 state=uploaded-shard-0.json video_id=26158653 http=200 len=10377
[10:48:52] OK 59/100 state=uploaded-shard-0.json video_id=26158681 http=200 len=10377
[10:48:53] OK 60/100 state=uploaded-shard-0.json video_id=26158719 http=200 len=10377
[10:48:54] OK 61/100 state=uploaded-shard-0.json video_id=26158758 http=200 len=10377
[10:48:54] OK 62/100 state=uploaded-shard-0.json video_id=26158810 http=200 len=10377
[10:48:55] OK 63/100 state=uploaded-shard-0.json video_id=26158546 http=200 len=10377
[10:48:56] OK 64/100 state=uploaded-shard-0.json video_id=26158637 http=200 len=10377
[10:48:57] OK 65/100 state=uploaded-shard-0.json video_id=26158654 http=200 len=10377
[10:48:58] OK 66/100 state=uploaded-shard-0.json video_id=26158692 http=200 len=10377
[10:48:59] OK 67/100 state=uploaded-shard-0.json video_id=26158716 http=200 len=10377
[10:49:00] OK 68/100 state=uploaded-shard-0.json video_id=26158733 http=200 len=10377
[10:49:01] OK 69/100 state=uploaded-shard-0.json video_id=26158748 http=200 len=10377
[10:49:01] OK 70/100 state=uploaded-shard-0.json video_id=26159727 http=200 len=10377
[10:49:02] OK 71/100 state=uploaded-shard-0.json video_id=26159762 http=200 len=10377
[10:49:03] OK 72/100 state=uploaded-shard-0.json video_id=26159795 http=200 len=10377
[10:49:04] OK 73/100 state=uploaded-shard-0.json video_id=26159815 http=200 len=10377
[10:49:05] OK 74/100 state=uploaded-shard-0.json video_id=26159839 http=200 len=10377
[10:49:06] OK 75/100 state=uploaded-shard-0.json video_id=26159886 http=200 len=10377
[10:49:07] OK 76/100 state=uploaded-shard-0.json video_id=26159918 http=200 len=10377
[10:49:08] OK 77/100 state=uploaded-shard-0.json video_id=26159947 http=200 len=10377
[10:49:09] OK 78/100 state=uploaded-shard-0.json video_id=26159972 http=200 len=10377
[10:49:10] OK 79/100 state=uploaded-shard-0.json video_id=26160007 http=200 len=10377
[10:49:12] OK 80/100 state=uploaded-shard-0.json video_id=26160040 http=200 len=10377
[10:49:13] OK 81/100 state=uploaded-shard-0.json video_id=26160077 http=200 len=10377
[10:49:14] OK 82/100 state=uploaded-shard-0.json video_id=26160145 http=200 len=10377
[10:49:14] OK 83/100 state=uploaded-shard-0.json video_id=26160179 http=200 len=10377
[10:49:15] OK 84/100 state=uploaded-shard-0.json video_id=26160212 http=200 len=10377
[10:49:16] OK 85/100 state=uploaded-shard-0.json video_id=26159733 http=200 len=10377
[10:49:17] OK 86/100 state=uploaded-shard-0.json video_id=26159761 http=200 len=10377
[10:49:18] OK 87/100 state=uploaded-shard-0.json video_id=26159780 http=200 len=10377
[10:49:19] OK 88/100 state=uploaded-shard-0.json video_id=26159804 http=200 len=10377
[10:49:19] OK 89/100 state=uploaded-shard-0.json video_id=26159832 http=200 len=10377
[10:49:20] OK 90/100 state=uploaded-shard-0.json video_id=26159859 http=200 len=10377
[10:49:21] OK 91/100 state=uploaded-shard-0.json video_id=26159891 http=200 len=10377
[10:49:22] OK 92/100 state=uploaded-shard-0.json video_id=26159921 http=200 len=10377
[10:49:23] OK 93/100 state=uploaded-shard-0.json video_id=26159948 http=200 len=10377
[10:49:24] OK 94/100 state=uploaded-shard-0.json video_id=26160005 http=200 len=10377
[10:49:25] OK 95/100 state=uploaded-shard-0.json video_id=26160036 http=200 len=10377
[10:49:25] OK 96/100 state=uploaded-shard-0.json video_id=26160082 http=200 len=10377
[10:49:26] OK 97/100 state=uploaded-shard-0.json video_id=26160141 http=200 len=10377
[10:49:27] OK 98/100 state=uploaded-shard-0.json video_id=26160189 http=200 len=10377
[10:49:28] OK 99/100 state=uploaded-shard-0.json video_id=26160255 http=200 len=10377
[10:49:29] OK 100/100 state=uploaded-shard-0.json video_id=26160309 http=200 len=10377
[10:49:29] done ok=100 fail=0
[15:01:09] start state_files=3 tasks=50 dry_run=False
[15:01:11] OK 1/50 state=uploaded-shard-0.json video_id=26133045 http=200 len=10336
[15:01:12] OK 2/50 state=uploaded-shard-0.json video_id=26133951 http=200 len=10336
[15:01:13] OK 3/50 state=uploaded-shard-0.json video_id=26135238 http=200 len=10336
[15:01:13] OK 4/50 state=uploaded-shard-0.json video_id=26136034 http=200 len=10336
[15:01:14] OK 5/50 state=uploaded-shard-0.json video_id=26136097 http=200 len=10336
[15:01:15] OK 6/50 state=uploaded-shard-0.json video_id=26136148 http=200 len=10336
[15:01:16] OK 7/50 state=uploaded-shard-0.json video_id=26136343 http=200 len=10336
[15:01:17] OK 8/50 state=uploaded-shard-0.json video_id=26136390 http=200 len=10336
[15:01:18] OK 9/50 state=uploaded-shard-0.json video_id=26136509 http=200 len=10336
[15:01:19] OK 10/50 state=uploaded-shard-0.json video_id=26136530 http=200 len=10336
[15:01:20] OK 11/50 state=uploaded-shard-0.json video_id=26136564 http=200 len=10336
[15:01:21] OK 12/50 state=uploaded-shard-0.json video_id=26136673 http=200 len=10336
[15:01:22] OK 13/50 state=uploaded-shard-0.json video_id=26136910 http=200 len=10336
[15:01:23] OK 14/50 state=uploaded-shard-0.json video_id=26137066 http=200 len=10336
[15:01:24] OK 15/50 state=uploaded-shard-0.json video_id=26137101 http=200 len=10336
[15:01:25] OK 16/50 state=uploaded-shard-0.json video_id=26137351 http=200 len=10336
[15:01:26] OK 17/50 state=uploaded-shard-0.json video_id=26137559 http=200 len=10336
[15:01:26] OK 18/50 state=uploaded-shard-0.json video_id=26137634 http=200 len=10336
[15:01:27] OK 19/50 state=uploaded-shard-0.json video_id=26137655 http=200 len=10336
[15:01:28] OK 20/50 state=uploaded-shard-0.json video_id=26137744 http=200 len=10336
[15:01:29] OK 21/50 state=uploaded-shard-0.json video_id=26137788 http=200 len=10336
[15:01:30] OK 22/50 state=uploaded-shard-0.json video_id=26137821 http=200 len=10336
[15:01:31] OK 23/50 state=uploaded-shard-0.json video_id=26137981 http=200 len=10336
[15:01:31] OK 24/50 state=uploaded-shard-0.json video_id=26138034 http=200 len=10336
[15:01:32] OK 25/50 state=uploaded-shard-0.json video_id=26138094 http=200 len=10336
[15:01:33] OK 26/50 state=uploaded-shard-0.json video_id=26138396 http=200 len=10336
[15:01:34] OK 27/50 state=uploaded-shard-0.json video_id=26138498 http=200 len=10336
[15:01:35] OK 28/50 state=uploaded-shard-0.json video_id=26138524 http=200 len=10336
[15:01:35] OK 29/50 state=uploaded-shard-0.json video_id=26138569 http=200 len=10336
[15:01:36] OK 30/50 state=uploaded-shard-0.json video_id=26160336 http=200 len=10336
[15:01:37] OK 31/50 state=uploaded-shard-0.json video_id=26160396 http=200 len=10336
[15:01:38] OK 32/50 state=uploaded-shard-0.json video_id=26160450 http=200 len=10336
[15:01:39] OK 33/50 state=uploaded-shard-0.json video_id=26160481 http=200 len=10336
[15:01:40] OK 34/50 state=uploaded-shard-0.json video_id=26160505 http=200 len=10336
[15:01:40] OK 35/50 state=uploaded-shard-0.json video_id=26160554 http=200 len=10336
[15:01:41] OK 36/50 state=uploaded-shard-0.json video_id=26160592 http=200 len=10336
[15:01:42] OK 37/50 state=uploaded-shard-0.json video_id=26160617 http=200 len=10336
[15:01:43] OK 38/50 state=uploaded-shard-0.json video_id=26160646 http=200 len=10336
[15:01:44] OK 39/50 state=uploaded-shard-0.json video_id=26160673 http=200 len=10336
[15:01:45] OK 40/50 state=uploaded-shard-0.json video_id=26160701 http=200 len=10336
[15:01:45] OK 41/50 state=uploaded-shard-0.json video_id=26160729 http=200 len=10336
[15:01:46] OK 42/50 state=uploaded-shard-0.json video_id=26160762 http=200 len=10336
[15:01:47] OK 43/50 state=uploaded-shard-0.json video_id=26160797 http=200 len=10336
[15:01:48] OK 44/50 state=uploaded-shard-0.json video_id=26160825 http=200 len=10336
[15:01:49] OK 45/50 state=uploaded-shard-0.json video_id=26160864 http=200 len=10336
[15:01:49] OK 46/50 state=uploaded-shard-0.json video_id=26160235 http=200 len=10336
[15:01:50] OK 47/50 state=uploaded-shard-0.json video_id=26160275 http=200 len=10336
[15:01:52] OK 48/50 state=uploaded-shard-0.json video_id=26160303 http=200 len=10336
[15:01:52] OK 49/50 state=uploaded-shard-0.json video_id=26160339 http=200 len=10336
[15:01:54] OK 50/50 state=uploaded-shard-0.json video_id=26160364 http=200 len=10336
[15:01:54] done ok=50 fail=0
[16:48:48] start state_files=3 tasks=50 dry_run=False
[16:48:50] OK 1/50 state=uploaded-shard-0.json video_id=26133045 http=200 len=10336
[16:48:51] OK 2/50 state=uploaded-shard-0.json video_id=26133951 http=200 len=10336
[16:48:51] OK 3/50 state=uploaded-shard-0.json video_id=26135238 http=200 len=10336
[16:48:52] OK 4/50 state=uploaded-shard-0.json video_id=26136034 http=200 len=10336
[16:48:53] OK 5/50 state=uploaded-shard-0.json video_id=26136097 http=200 len=10336
[16:48:54] OK 6/50 state=uploaded-shard-0.json video_id=26136148 http=200 len=10336
[16:48:55] OK 7/50 state=uploaded-shard-0.json video_id=26136343 http=200 len=10336
[16:48:56] OK 8/50 state=uploaded-shard-0.json video_id=26136390 http=200 len=10336
[16:48:57] OK 9/50 state=uploaded-shard-0.json video_id=26136509 http=200 len=10336
[16:48:57] OK 10/50 state=uploaded-shard-0.json video_id=26136530 http=200 len=10336
[16:48:58] OK 11/50 state=uploaded-shard-0.json video_id=26136564 http=200 len=10336
[16:48:59] OK 12/50 state=uploaded-shard-0.json video_id=26136673 http=200 len=10336
[16:49:00] OK 13/50 state=uploaded-shard-0.json video_id=26136910 http=200 len=10336
[16:49:01] OK 14/50 state=uploaded-shard-0.json video_id=26137066 http=200 len=10336
[16:49:02] OK 15/50 state=uploaded-shard-0.json video_id=26137101 http=200 len=10336
[16:49:03] OK 16/50 state=uploaded-shard-0.json video_id=26137351 http=200 len=10336
[16:49:03] OK 17/50 state=uploaded-shard-0.json video_id=26137559 http=200 len=10336
[16:49:04] OK 18/50 state=uploaded-shard-0.json video_id=26137634 http=200 len=10336
[16:49:05] OK 19/50 state=uploaded-shard-0.json video_id=26137655 http=200 len=10336
[16:49:06] OK 20/50 state=uploaded-shard-0.json video_id=26137744 http=200 len=10336
[16:49:07] OK 21/50 state=uploaded-shard-0.json video_id=26137788 http=200 len=10336
[16:49:08] OK 22/50 state=uploaded-shard-0.json video_id=26137821 http=200 len=10336
[16:49:08] OK 23/50 state=uploaded-shard-0.json video_id=26137981 http=200 len=10336
[16:49:09] OK 24/50 state=uploaded-shard-0.json video_id=26138034 http=200 len=10336
[16:49:10] OK 25/50 state=uploaded-shard-0.json video_id=26138094 http=200 len=10336
[16:49:11] OK 26/50 state=uploaded-shard-0.json video_id=26138396 http=200 len=10336
[16:49:12] OK 27/50 state=uploaded-shard-0.json video_id=26138498 http=200 len=10336
[16:49:12] OK 28/50 state=uploaded-shard-0.json video_id=26138524 http=200 len=10336
[16:49:13] OK 29/50 state=uploaded-shard-0.json video_id=26138569 http=200 len=10336
[16:49:14] OK 30/50 state=uploaded-shard-0.json video_id=26160426 http=200 len=10336
[16:49:15] OK 31/50 state=uploaded-shard-0.json video_id=26160490 http=200 len=10336
[16:49:16] OK 32/50 state=uploaded-shard-0.json video_id=26160546 http=200 len=10336
[16:49:17] OK 33/50 state=uploaded-shard-0.json video_id=26160595 http=200 len=10336
[16:49:17] OK 34/50 state=uploaded-shard-0.json video_id=26160644 http=200 len=10336
[16:49:18] OK 35/50 state=uploaded-shard-0.json video_id=26160687 http=200 len=10336
[16:49:19] OK 36/50 state=uploaded-shard-0.json video_id=26160715 http=200 len=10336
[16:49:20] OK 37/50 state=uploaded-shard-0.json video_id=26160742 http=200 len=10336
[16:49:21] OK 38/50 state=uploaded-shard-0.json video_id=26160774 http=200 len=10336
[16:49:21] OK 39/50 state=uploaded-shard-0.json video_id=26160807 http=200 len=10336
[16:49:22] OK 40/50 state=uploaded-shard-0.json video_id=26160830 http=200 len=10336
[16:49:23] OK 41/50 state=uploaded-shard-0.json video_id=26160860 http=200 len=10336
[16:49:24] OK 42/50 state=uploaded-shard-0.json video_id=26160905 http=200 len=10336
[16:49:25] OK 43/50 state=uploaded-shard-0.json video_id=26160948 http=200 len=10336
[16:49:26] OK 44/50 state=uploaded-shard-0.json video_id=26161000 http=200 len=10336
[16:49:27] OK 45/50 state=uploaded-shard-0.json video_id=26161054 http=200 len=10336
[16:49:27] OK 46/50 state=uploaded-shard-0.json video_id=26161101 http=200 len=10336
[16:49:28] OK 47/50 state=uploaded-shard-0.json video_id=26161160 http=200 len=10336
[16:49:29] OK 48/50 state=uploaded-shard-0.json video_id=26161202 http=200 len=10336
[16:49:30] OK 49/50 state=uploaded-shard-0.json video_id=26161243 http=200 len=10336
[16:49:31] OK 50/50 state=uploaded-shard-0.json video_id=26161283 http=200 len=10336
[16:49:31] done ok=50 fail=0
[17:54:35] start state_files=3 tasks=100 dry_run=False
[17:54:36] OK 1/100 state=uploaded-shard-0.json video_id=26133045 http=200 len=10336
[17:54:37] OK 2/100 state=uploaded-shard-0.json video_id=26133951 http=200 len=10336
[17:54:38] OK 3/100 state=uploaded-shard-0.json video_id=26135238 http=200 len=10336
[17:54:39] OK 4/100 state=uploaded-shard-0.json video_id=26136034 http=200 len=10336
[17:54:39] OK 5/100 state=uploaded-shard-0.json video_id=26136097 http=200 len=10336
[17:54:40] OK 6/100 state=uploaded-shard-0.json video_id=26136148 http=200 len=10336
[17:54:41] OK 7/100 state=uploaded-shard-0.json video_id=26136343 http=200 len=10336
[17:54:42] OK 8/100 state=uploaded-shard-0.json video_id=26136390 http=200 len=10336
[17:54:43] OK 9/100 state=uploaded-shard-0.json video_id=26136509 http=200 len=10336
[17:54:43] OK 10/100 state=uploaded-shard-0.json video_id=26136530 http=200 len=10336
[17:54:44] OK 11/100 state=uploaded-shard-0.json video_id=26136564 http=200 len=10336
[17:54:45] OK 12/100 state=uploaded-shard-0.json video_id=26136673 http=200 len=10336
[17:54:46] OK 13/100 state=uploaded-shard-0.json video_id=26136910 http=200 len=10336
[17:54:47] OK 14/100 state=uploaded-shard-0.json video_id=26137066 http=200 len=10336
[17:54:47] OK 15/100 state=uploaded-shard-0.json video_id=26137101 http=200 len=10336
[17:54:48] OK 16/100 state=uploaded-shard-0.json video_id=26137351 http=200 len=10336
[17:54:49] OK 17/100 state=uploaded-shard-0.json video_id=26137559 http=200 len=10336
[17:54:50] OK 18/100 state=uploaded-shard-0.json video_id=26137634 http=200 len=10336
[17:54:51] OK 19/100 state=uploaded-shard-0.json video_id=26137655 http=200 len=10336
[17:54:52] OK 20/100 state=uploaded-shard-0.json video_id=26137744 http=200 len=10336
[17:54:52] OK 21/100 state=uploaded-shard-0.json video_id=26137788 http=200 len=10336
[17:54:53] OK 22/100 state=uploaded-shard-0.json video_id=26137821 http=200 len=10336
[17:54:54] OK 23/100 state=uploaded-shard-0.json video_id=26137981 http=200 len=10336
[17:54:55] OK 24/100 state=uploaded-shard-0.json video_id=26138034 http=200 len=10336
[17:54:56] OK 25/100 state=uploaded-shard-0.json video_id=26138094 http=200 len=10336
[17:54:56] OK 26/100 state=uploaded-shard-0.json video_id=26138396 http=200 len=10336
[17:54:58] OK 27/100 state=uploaded-shard-0.json video_id=26138498 http=200 len=10336
[17:54:59] OK 28/100 state=uploaded-shard-0.json video_id=26138524 http=200 len=10336
[17:55:00] OK 29/100 state=uploaded-shard-0.json video_id=26138569 http=200 len=10336
[17:55:01] OK 30/100 state=uploaded-shard-0.json video_id=26161320 http=200 len=10336
[17:55:02] OK 31/100 state=uploaded-shard-0.json video_id=26161359 http=200 len=10336
[17:55:02] OK 32/100 state=uploaded-shard-0.json video_id=26161400 http=200 len=10336
[17:55:03] OK 33/100 state=uploaded-shard-0.json video_id=26161425 http=200 len=10336
[17:55:04] OK 34/100 state=uploaded-shard-0.json video_id=26161449 http=200 len=10336
[17:55:05] OK 35/100 state=uploaded-shard-0.json video_id=26161476 http=200 len=10336
[17:55:06] OK 36/100 state=uploaded-shard-0.json video_id=26161500 http=200 len=10336
[17:55:07] OK 37/100 state=uploaded-shard-0.json video_id=26161523 http=200 len=10336
[17:55:07] OK 38/100 state=uploaded-shard-0.json video_id=26161564 http=200 len=10336
[17:55:08] OK 39/100 state=uploaded-shard-0.json video_id=26161586 http=200 len=10336
[17:55:09] OK 40/100 state=uploaded-shard-0.json video_id=26161620 http=200 len=10336
[17:55:10] OK 41/100 state=uploaded-shard-0.json video_id=26160895 http=200 len=10336
[17:55:11] OK 42/100 state=uploaded-shard-0.json video_id=26160949 http=200 len=10336
[17:55:11] OK 43/100 state=uploaded-shard-0.json video_id=26160988 http=200 len=10336
[17:55:12] OK 44/100 state=uploaded-shard-0.json video_id=26161028 http=200 len=10336
[17:55:13] OK 45/100 state=uploaded-shard-0.json video_id=26161080 http=200 len=10336
[17:55:14] OK 46/100 state=uploaded-shard-0.json video_id=26161109 http=200 len=10336
[17:55:15] OK 47/100 state=uploaded-shard-0.json video_id=26161147 http=200 len=10336
[17:55:16] OK 48/100 state=uploaded-shard-0.json video_id=26161184 http=200 len=10336
[17:55:16] OK 49/100 state=uploaded-shard-0.json video_id=26161226 http=200 len=10336
[17:55:17] OK 50/100 state=uploaded-shard-0.json video_id=26161255 http=200 len=10336
[17:55:18] OK 51/100 state=uploaded-shard-0.json video_id=26161286 http=200 len=10336
[17:55:19] OK 52/100 state=uploaded-shard-0.json video_id=26161305 http=200 len=10336
[17:55:20] OK 53/100 state=uploaded-shard-0.json video_id=26161331 http=200 len=10336
[17:55:21] OK 54/100 state=uploaded-shard-0.json video_id=26161358 http=200 len=10336
[17:55:21] OK 55/100 state=uploaded-shard-0.json video_id=26161380 http=200 len=10336
[17:55:22] OK 56/100 state=uploaded-shard-0.json video_id=26161403 http=200 len=10336
[17:55:23] OK 57/100 state=uploaded-shard-0.json video_id=26161454 http=200 len=10336
[17:55:24] OK 58/100 state=uploaded-shard-0.json video_id=26161484 http=200 len=10336
[17:55:25] OK 59/100 state=uploaded-shard-0.json video_id=26161502 http=200 len=10336
[17:55:26] OK 60/100 state=uploaded-shard-0.json video_id=26161534 http=200 len=10336
[17:55:26] OK 61/100 state=uploaded-shard-0.json video_id=26161561 http=200 len=10336
[17:55:27] OK 62/100 state=uploaded-shard-0.json video_id=26161584 http=200 len=10336
[17:55:28] OK 63/100 state=uploaded-shard-0.json video_id=26161693 http=200 len=10336
[17:55:29] OK 64/100 state=uploaded-shard-0.json video_id=26161750 http=200 len=10336
[17:55:30] OK 65/100 state=uploaded-shard-0.json video_id=26161804 http=200 len=10336
[17:55:30] OK 66/100 state=uploaded-shard-0.json video_id=26161841 http=200 len=10336
[17:55:31] OK 67/100 state=uploaded-shard-0.json video_id=26161886 http=200 len=10336
[17:55:32] OK 68/100 state=uploaded-shard-0.json video_id=26161954 http=200 len=10336
[17:55:33] OK 69/100 state=uploaded-shard-0.json video_id=26162012 http=200 len=10336
[17:55:34] OK 70/100 state=uploaded-shard-0.json video_id=26162040 http=200 len=10336
[17:55:35] OK 71/100 state=uploaded-shard-0.json video_id=26162093 http=200 len=10336
[17:55:35] OK 72/100 state=uploaded-shard-0.json video_id=26162209 http=200 len=10336
[17:55:36] OK 73/100 state=uploaded-shard-0.json video_id=26162230 http=200 len=10336
[17:55:37] OK 74/100 state=uploaded-shard-0.json video_id=26162259 http=200 len=10336
[17:55:38] OK 75/100 state=uploaded-shard-0.json video_id=26162286 http=200 len=10336
[17:55:39] OK 76/100 state=uploaded-shard-0.json video_id=26162311 http=200 len=10336
[17:55:40] OK 77/100 state=uploaded-shard-0.json video_id=26162341 http=200 len=10336
[17:55:40] OK 78/100 state=uploaded-shard-0.json video_id=26162402 http=200 len=10336
[17:55:41] OK 79/100 state=uploaded-shard-0.json video_id=26162429 http=200 len=10336
[17:55:42] OK 80/100 state=uploaded-shard-0.json video_id=26162457 http=200 len=10336
[17:55:43] OK 81/100 state=uploaded-shard-0.json video_id=26162492 http=200 len=10336
[17:55:44] OK 82/100 state=uploaded-shard-0.json video_id=26161627 http=200 len=10336
[17:55:44] OK 83/100 state=uploaded-shard-0.json video_id=26161701 http=200 len=10336
[17:55:45] OK 84/100 state=uploaded-shard-0.json video_id=26161734 http=200 len=10336
[17:55:46] OK 85/100 state=uploaded-shard-0.json video_id=26161783 http=200 len=10336
[17:55:47] OK 86/100 state=uploaded-shard-0.json video_id=26161823 http=200 len=10336
[17:55:48] OK 87/100 state=uploaded-shard-0.json video_id=26161856 http=200 len=10336
[17:55:49] OK 88/100 state=uploaded-shard-0.json video_id=26161922 http=200 len=10336
[17:55:49] OK 89/100 state=uploaded-shard-0.json video_id=26161987 http=200 len=10336
[17:55:50] OK 90/100 state=uploaded-shard-0.json video_id=26162048 http=200 len=10336
[17:55:51] OK 91/100 state=uploaded-shard-0.json video_id=26162075 http=200 len=10336
[17:55:52] OK 92/100 state=uploaded-shard-0.json video_id=26162096 http=200 len=10336
[17:55:53] OK 93/100 state=uploaded-shard-0.json video_id=26162128 http=200 len=10336
[17:55:53] OK 94/100 state=uploaded-shard-0.json video_id=26162147 http=200 len=10336
[17:55:54] OK 95/100 state=uploaded-shard-0.json video_id=26162168 http=200 len=10336
[17:55:55] OK 96/100 state=uploaded-shard-0.json video_id=26162196 http=200 len=10336
[17:55:56] OK 97/100 state=uploaded-shard-0.json video_id=26162227 http=200 len=10336
[17:55:57] OK 98/100 state=uploaded-shard-0.json video_id=26162255 http=200 len=10336
[17:55:57] OK 99/100 state=uploaded-shard-0.json video_id=26162273 http=200 len=10336
[17:55:58] OK 100/100 state=uploaded-shard-0.json video_id=26162292 http=200 len=10336
[17:55:58] done ok=100 fail=0
[18:27:06] start state_files=3 tasks=50 dry_run=False
[18:27:08] OK 1/50 state=uploaded-shard-0.json video_id=26133045 http=200 len=10336
[18:27:09] OK 2/50 state=uploaded-shard-0.json video_id=26133951 http=200 len=10336
[18:27:09] OK 3/50 state=uploaded-shard-0.json video_id=26135238 http=200 len=10336
[18:27:10] OK 4/50 state=uploaded-shard-0.json video_id=26136034 http=200 len=10336
[18:27:11] OK 5/50 state=uploaded-shard-0.json video_id=26136097 http=200 len=10336
[18:27:12] OK 6/50 state=uploaded-shard-0.json video_id=26136148 http=200 len=10336
[18:27:13] OK 7/50 state=uploaded-shard-0.json video_id=26136343 http=200 len=10336
[18:27:13] OK 8/50 state=uploaded-shard-0.json video_id=26136390 http=200 len=10336
[18:27:14] OK 9/50 state=uploaded-shard-0.json video_id=26136509 http=200 len=10336
[18:27:15] OK 10/50 state=uploaded-shard-0.json video_id=26136530 http=200 len=10336
[18:27:16] OK 11/50 state=uploaded-shard-0.json video_id=26136564 http=200 len=10336
[18:27:17] OK 12/50 state=uploaded-shard-0.json video_id=26136673 http=200 len=10336
[18:27:18] OK 13/50 state=uploaded-shard-0.json video_id=26136910 http=200 len=10336
[18:27:19] OK 14/50 state=uploaded-shard-0.json video_id=26137066 http=200 len=10336
[18:27:20] OK 15/50 state=uploaded-shard-0.json video_id=26137101 http=200 len=10336
[18:27:20] OK 16/50 state=uploaded-shard-0.json video_id=26137351 http=200 len=10336
[18:27:21] OK 17/50 state=uploaded-shard-0.json video_id=26137559 http=200 len=10336
[18:27:22] OK 18/50 state=uploaded-shard-0.json video_id=26137634 http=200 len=10336
[18:27:23] OK 19/50 state=uploaded-shard-0.json video_id=26137655 http=200 len=10336
[18:27:24] OK 20/50 state=uploaded-shard-0.json video_id=26137744 http=200 len=10336
[18:27:25] OK 21/50 state=uploaded-shard-0.json video_id=26137788 http=200 len=10336
[18:27:26] OK 22/50 state=uploaded-shard-0.json video_id=26137821 http=200 len=10336
[18:27:27] OK 23/50 state=uploaded-shard-0.json video_id=26137981 http=200 len=10336
[18:27:27] OK 24/50 state=uploaded-shard-0.json video_id=26138034 http=200 len=10336
[18:27:28] OK 25/50 state=uploaded-shard-0.json video_id=26138094 http=200 len=10336
[18:27:29] OK 26/50 state=uploaded-shard-0.json video_id=26138396 http=200 len=10336
[18:27:30] OK 27/50 state=uploaded-shard-0.json video_id=26138498 http=200 len=10336
[18:27:31] OK 28/50 state=uploaded-shard-0.json video_id=26138524 http=200 len=10336
[18:27:32] OK 29/50 state=uploaded-shard-0.json video_id=26138569 http=200 len=10336
[18:27:33] OK 30/50 state=uploaded-shard-0.json video_id=26162322 http=200 len=10336
[18:27:34] OK 31/50 state=uploaded-shard-0.json video_id=26162337 http=200 len=10336
[18:27:34] OK 32/50 state=uploaded-shard-0.json video_id=26162358 http=200 len=10336
[18:27:35] OK 33/50 state=uploaded-shard-0.json video_id=26162375 http=200 len=10336
[18:27:36] OK 34/50 state=uploaded-shard-0.json video_id=26162396 http=200 len=10336
[18:27:37] OK 35/50 state=uploaded-shard-0.json video_id=26162410 http=200 len=10336
[18:27:38] OK 36/50 state=uploaded-shard-0.json video_id=26162535 http=200 len=10336
[18:27:39] OK 37/50 state=uploaded-shard-0.json video_id=26162563 http=200 len=10336
[18:27:40] OK 38/50 state=uploaded-shard-0.json video_id=26162588 http=200 len=10336
[18:27:41] OK 39/50 state=uploaded-shard-0.json video_id=26162621 http=200 len=10336
[18:27:42] OK 40/50 state=uploaded-shard-0.json video_id=26162658 http=200 len=10336
[18:27:42] OK 41/50 state=uploaded-shard-0.json video_id=26162679 http=200 len=10336
[18:27:43] OK 42/50 state=uploaded-shard-0.json video_id=26162696 http=200 len=10336
[18:27:44] OK 43/50 state=uploaded-shard-0.json video_id=26162716 http=200 len=10336
[18:27:45] OK 44/50 state=uploaded-shard-0.json video_id=26162746 http=200 len=10336
[18:27:46] OK 45/50 state=uploaded-shard-0.json video_id=26162944 http=200 len=10336
[18:27:47] OK 46/50 state=uploaded-shard-0.json video_id=26163018 http=200 len=10336
[18:27:48] OK 47/50 state=uploaded-shard-0.json video_id=26163065 http=200 len=10336
[18:27:49] OK 48/50 state=uploaded-shard-0.json video_id=26163112 http=200 len=10336
[18:27:49] OK 49/50 state=uploaded-shard-0.json video_id=26163148 http=200 len=10336
[18:27:50] OK 50/50 state=uploaded-shard-0.json video_id=26163190 http=200 len=10336
[18:27:50] done ok=50 fail=0
[19:11:25] start state_files=3 tasks=100 dry_run=False
[19:11:27] OK 1/100 state=uploaded-shard-0.json video_id=26133045 http=200 len=10338
[19:11:27] OK 2/100 state=uploaded-shard-0.json video_id=26133951 http=200 len=10338
[19:11:28] OK 3/100 state=uploaded-shard-0.json video_id=26135238 http=200 len=10338
[19:11:29] OK 4/100 state=uploaded-shard-0.json video_id=26136034 http=200 len=10338
[19:11:30] OK 5/100 state=uploaded-shard-0.json video_id=26136097 http=200 len=10338
[19:11:31] OK 6/100 state=uploaded-shard-0.json video_id=26136148 http=200 len=10338
[19:11:32] OK 7/100 state=uploaded-shard-0.json video_id=26136343 http=200 len=10338
[19:11:33] OK 8/100 state=uploaded-shard-0.json video_id=26136390 http=200 len=10338
[19:11:34] OK 9/100 state=uploaded-shard-0.json video_id=26136509 http=200 len=10338
[19:11:35] OK 10/100 state=uploaded-shard-0.json video_id=26136530 http=200 len=10338
[19:11:36] OK 11/100 state=uploaded-shard-0.json video_id=26136564 http=200 len=10338
[19:11:37] OK 12/100 state=uploaded-shard-0.json video_id=26136673 http=200 len=10338
[19:11:38] OK 13/100 state=uploaded-shard-0.json video_id=26136910 http=200 len=10338
[19:11:39] OK 14/100 state=uploaded-shard-0.json video_id=26137066 http=200 len=10338
[19:11:40] OK 15/100 state=uploaded-shard-0.json video_id=26137101 http=200 len=10338
[19:11:41] OK 16/100 state=uploaded-shard-0.json video_id=26137351 http=200 len=10338
[19:11:41] OK 17/100 state=uploaded-shard-0.json video_id=26137559 http=200 len=10338
[19:11:42] OK 18/100 state=uploaded-shard-0.json video_id=26137634 http=200 len=10338
[19:11:43] OK 19/100 state=uploaded-shard-0.json video_id=26137655 http=200 len=10338
[19:11:44] OK 20/100 state=uploaded-shard-0.json video_id=26137744 http=200 len=10338
[19:11:46] OK 21/100 state=uploaded-shard-0.json video_id=26137788 http=200 len=10338
[19:11:47] OK 22/100 state=uploaded-shard-0.json video_id=26137821 http=200 len=10338
[19:11:48] OK 23/100 state=uploaded-shard-0.json video_id=26137981 http=200 len=10338
[19:11:49] OK 24/100 state=uploaded-shard-0.json video_id=26138034 http=200 len=10338
[19:11:50] OK 25/100 state=uploaded-shard-0.json video_id=26138094 http=200 len=10338
[19:11:51] OK 26/100 state=uploaded-shard-0.json video_id=26138396 http=200 len=10338
[19:11:52] OK 27/100 state=uploaded-shard-0.json video_id=26138498 http=200 len=10338
[19:11:53] OK 28/100 state=uploaded-shard-0.json video_id=26138524 http=200 len=10338
[19:11:54] OK 29/100 state=uploaded-shard-0.json video_id=26138569 http=200 len=10338
[19:11:55] OK 30/100 state=uploaded-shard-0.json video_id=26163256 http=200 len=10338
[19:11:56] OK 31/100 state=uploaded-shard-0.json video_id=26163309 http=200 len=10338
[19:11:57] OK 32/100 state=uploaded-shard-0.json video_id=26163335 http=200 len=10338
[19:11:58] OK 33/100 state=uploaded-shard-0.json video_id=26162522 http=200 len=10338
[19:11:59] OK 34/100 state=uploaded-shard-0.json video_id=26162548 http=200 len=10338
[19:12:00] OK 35/100 state=uploaded-shard-0.json video_id=26162578 http=200 len=10338
[19:12:00] OK 36/100 state=uploaded-shard-0.json video_id=26162593 http=200 len=10338
[19:12:01] OK 37/100 state=uploaded-shard-0.json video_id=26162610 http=200 len=10338
[19:12:02] OK 38/100 state=uploaded-shard-0.json video_id=26162637 http=200 len=10338
[19:12:03] OK 39/100 state=uploaded-shard-0.json video_id=26162667 http=200 len=10338
[19:12:04] OK 40/100 state=uploaded-shard-0.json video_id=26162693 http=200 len=10338
[19:12:05] OK 41/100 state=uploaded-shard-0.json video_id=26162720 http=200 len=10338
[19:12:06] OK 42/100 state=uploaded-shard-0.json video_id=26162741 http=200 len=10338
[19:12:07] OK 43/100 state=uploaded-shard-0.json video_id=26162766 http=200 len=10338
[19:12:08] OK 44/100 state=uploaded-shard-0.json video_id=26162801 http=200 len=10338
[19:12:09] OK 45/100 state=uploaded-shard-0.json video_id=26162828 http=200 len=10338
[19:12:09] OK 46/100 state=uploaded-shard-0.json video_id=26162853 http=200 len=10338
[19:12:10] OK 47/100 state=uploaded-shard-0.json video_id=26162879 http=200 len=10338
[19:12:11] OK 48/100 state=uploaded-shard-0.json video_id=26162916 http=200 len=10338
[19:12:12] OK 49/100 state=uploaded-shard-0.json video_id=26162948 http=200 len=10338
[19:12:13] OK 50/100 state=uploaded-shard-0.json video_id=26162975 http=200 len=10338
[19:12:14] OK 51/100 state=uploaded-shard-0.json video_id=26163376 http=200 len=10338
[19:12:16] OK 52/100 state=uploaded-shard-0.json video_id=26163404 http=200 len=10338
[19:12:17] OK 53/100 state=uploaded-shard-0.json video_id=26163450 http=200 len=10338
[19:12:18] OK 54/100 state=uploaded-shard-0.json video_id=26163524 http=200 len=10338
[19:12:18] OK 55/100 state=uploaded-shard-0.json video_id=26163548 http=200 len=10338
[19:12:19] OK 56/100 state=uploaded-shard-0.json video_id=26163587 http=200 len=10338
[19:12:20] OK 57/100 state=uploaded-shard-0.json video_id=26163621 http=200 len=10338
[19:12:21] OK 58/100 state=uploaded-shard-0.json video_id=26163658 http=200 len=10338
[19:12:22] OK 59/100 state=uploaded-shard-0.json video_id=26163696 http=200 len=10338
[19:12:23] OK 60/100 state=uploaded-shard-0.json video_id=26163745 http=200 len=10338
[19:12:24] OK 61/100 state=uploaded-shard-0.json video_id=26163792 http=200 len=10338
[19:12:24] OK 62/100 state=uploaded-shard-0.json video_id=26163840 http=200 len=10338
[19:12:25] OK 63/100 state=uploaded-shard-0.json video_id=26163898 http=200 len=10338
[19:12:26] OK 64/100 state=uploaded-shard-0.json video_id=26163961 http=200 len=10338
[19:12:27] OK 65/100 state=uploaded-shard-0.json video_id=26164060 http=200 len=10338
[19:12:28] OK 66/100 state=uploaded-shard-0.json video_id=26164151 http=200 len=10338
[19:12:29] OK 67/100 state=uploaded-shard-0.json video_id=26164210 http=200 len=10338
[19:12:30] OK 68/100 state=uploaded-shard-0.json video_id=26164288 http=200 len=10338
[19:12:30] OK 69/100 state=uploaded-shard-0.json video_id=26163381 http=200 len=10338
[19:12:31] OK 70/100 state=uploaded-shard-0.json video_id=26163417 http=200 len=10338
[19:12:32] OK 71/100 state=uploaded-shard-0.json video_id=26163439 http=200 len=10338
[19:12:33] OK 72/100 state=uploaded-shard-0.json video_id=26163466 http=200 len=10338
[19:12:34] OK 73/100 state=uploaded-shard-0.json video_id=26163489 http=200 len=10338
[19:12:35] OK 74/100 state=uploaded-shard-0.json video_id=26163511 http=200 len=10338
[19:12:36] OK 75/100 state=uploaded-shard-0.json video_id=26163533 http=200 len=10338
[19:12:37] OK 76/100 state=uploaded-shard-0.json video_id=26163553 http=200 len=10338
[19:12:37] OK 77/100 state=uploaded-shard-0.json video_id=26163576 http=200 len=10338
[19:12:38] OK 78/100 state=uploaded-shard-0.json video_id=26163597 http=200 len=10338
[19:12:39] OK 79/100 state=uploaded-shard-0.json video_id=26163620 http=200 len=10338
[19:12:40] OK 80/100 state=uploaded-shard-0.json video_id=26163659 http=200 len=10338
[19:12:41] OK 81/100 state=uploaded-shard-0.json video_id=26163688 http=200 len=10338
[19:12:42] OK 82/100 state=uploaded-shard-0.json video_id=26163728 http=200 len=10338
[19:12:43] OK 83/100 state=uploaded-shard-0.json video_id=26163777 http=200 len=10338
[19:12:43] OK 84/100 state=uploaded-shard-0.json video_id=26163863 http=200 len=10338
[19:12:44] OK 85/100 state=uploaded-shard-0.json video_id=26163927 http=200 len=10338
[19:12:45] OK 86/100 state=uploaded-shard-0.json video_id=26164016 http=200 len=10338
[19:12:46] OK 87/100 state=uploaded-shard-0.json video_id=26164116 http=200 len=10338
[19:12:47] OK 88/100 state=uploaded-shard-0.json video_id=26164191 http=200 len=10338
[19:12:48] OK 89/100 state=uploaded-shard-0.json video_id=26164248 http=200 len=10338
[19:12:49] OK 90/100 state=uploaded-shard-0.json video_id=26164271 http=200 len=10338
[19:12:49] OK 91/100 state=uploaded-shard-0.json video_id=26164362 http=200 len=10338
[19:12:50] OK 92/100 state=uploaded-shard-0.json video_id=26164379 http=200 len=10338
[19:12:51] OK 93/100 state=uploaded-shard-0.json video_id=26164415 http=200 len=10338
[19:12:53] OK 94/100 state=uploaded-shard-0.json video_id=26165017 http=200 len=10338
[19:12:54] OK 95/100 state=uploaded-shard-0.json video_id=26165072 http=200 len=10338
[19:12:54] OK 96/100 state=uploaded-shard-0.json video_id=26165099 http=200 len=10338
[19:12:55] OK 97/100 state=uploaded-shard-0.json video_id=26165149 http=200 len=10338
[19:12:56] OK 98/100 state=uploaded-shard-0.json video_id=26165201 http=200 len=10338
[19:12:57] OK 99/100 state=uploaded-shard-0.json video_id=26165237 http=200 len=10338
[19:12:58] OK 100/100 state=uploaded-shard-0.json video_id=26165305 http=200 len=10338
[19:12:58] done ok=100 fail=0
[20:28:45] start state_files=3 tasks=100 dry_run=False
[20:28:46] OK 1/100 state=uploaded-shard-0.json video_id=26133045 http=200 len=10489
[20:28:47] OK 2/100 state=uploaded-shard-0.json video_id=26133951 http=200 len=10489
[20:28:48] OK 3/100 state=uploaded-shard-0.json video_id=26135238 http=200 len=10489
[20:28:49] OK 4/100 state=uploaded-shard-0.json video_id=26136034 http=200 len=10489
[20:28:50] OK 5/100 state=uploaded-shard-0.json video_id=26136097 http=200 len=10489
[20:28:51] OK 6/100 state=uploaded-shard-0.json video_id=26136148 http=200 len=10489
[20:28:52] OK 7/100 state=uploaded-shard-0.json video_id=26136343 http=200 len=10489
[20:28:52] OK 8/100 state=uploaded-shard-0.json video_id=26136390 http=200 len=10489
[20:28:53] OK 9/100 state=uploaded-shard-0.json video_id=26136509 http=200 len=10489
[20:28:54] OK 10/100 state=uploaded-shard-0.json video_id=26136530 http=200 len=10489
[20:28:55] OK 11/100 state=uploaded-shard-0.json video_id=26136564 http=200 len=10489
[20:28:56] OK 12/100 state=uploaded-shard-0.json video_id=26136673 http=200 len=10489
[20:28:57] OK 13/100 state=uploaded-shard-0.json video_id=26136910 http=200 len=10489
[20:28:57] OK 14/100 state=uploaded-shard-0.json video_id=26137066 http=200 len=10489
[20:28:58] OK 15/100 state=uploaded-shard-0.json video_id=26137101 http=200 len=10489
[20:28:59] OK 16/100 state=uploaded-shard-0.json video_id=26137351 http=200 len=10489
[20:29:00] OK 17/100 state=uploaded-shard-0.json video_id=26137559 http=200 len=10489
[20:29:01] OK 18/100 state=uploaded-shard-0.json video_id=26137634 http=200 len=10489
[20:29:02] OK 19/100 state=uploaded-shard-0.json video_id=26137655 http=200 len=10489
[20:29:02] OK 20/100 state=uploaded-shard-0.json video_id=26137744 http=200 len=10489
[20:29:03] OK 21/100 state=uploaded-shard-0.json video_id=26137788 http=200 len=10489
[20:29:04] OK 22/100 state=uploaded-shard-0.json video_id=26137821 http=200 len=10489
[20:29:05] OK 23/100 state=uploaded-shard-0.json video_id=26137981 http=200 len=10489
[20:29:06] OK 24/100 state=uploaded-shard-0.json video_id=26138034 http=200 len=10489
[20:29:07] OK 25/100 state=uploaded-shard-0.json video_id=26138094 http=200 len=10489
[20:29:07] OK 26/100 state=uploaded-shard-0.json video_id=26138396 http=200 len=10489
[20:29:08] OK 27/100 state=uploaded-shard-0.json video_id=26138498 http=200 len=10489
[20:29:09] OK 28/100 state=uploaded-shard-0.json video_id=26138524 http=200 len=10489
[20:29:10] OK 29/100 state=uploaded-shard-0.json video_id=26138569 http=200 len=10489
[20:29:11] OK 30/100 state=uploaded-shard-0.json video_id=26164990 http=200 len=10489
[20:29:12] OK 31/100 state=uploaded-shard-0.json video_id=26165040 http=200 len=10489
[20:29:13] OK 32/100 state=uploaded-shard-0.json video_id=26165057 http=200 len=10489
[20:29:14] OK 33/100 state=uploaded-shard-0.json video_id=26165092 http=200 len=10489
[20:29:14] OK 34/100 state=uploaded-shard-0.json video_id=26165139 http=200 len=10489
[20:29:15] OK 35/100 state=uploaded-shard-0.json video_id=26165155 http=200 len=10489
[20:29:16] OK 36/100 state=uploaded-shard-0.json video_id=26165168 http=200 len=10489
[20:29:17] OK 37/100 state=uploaded-shard-0.json video_id=26165178 http=200 len=10489
[20:29:18] OK 38/100 state=uploaded-shard-0.json video_id=26165194 http=200 len=10489
[20:29:19] OK 39/100 state=uploaded-shard-0.json video_id=26165205 http=200 len=10489
[20:29:20] OK 40/100 state=uploaded-shard-0.json video_id=26165222 http=200 len=10489
[20:29:21] OK 41/100 state=uploaded-shard-0.json video_id=26165243 http=200 len=10489
[20:29:22] OK 42/100 state=uploaded-shard-0.json video_id=26165273 http=200 len=10489
[20:29:23] OK 43/100 state=uploaded-shard-0.json video_id=26165290 http=200 len=10489
[20:29:24] OK 44/100 state=uploaded-shard-0.json video_id=26165304 http=200 len=10489
[20:29:25] OK 45/100 state=uploaded-shard-0.json video_id=26165324 http=200 len=10489
[20:29:26] OK 46/100 state=uploaded-shard-0.json video_id=26165356 http=200 len=10489
[20:29:26] OK 47/100 state=uploaded-shard-0.json video_id=26165378 http=200 len=10489
[20:29:27] OK 48/100 state=uploaded-shard-0.json video_id=26165397 http=200 len=10489
[20:29:28] OK 49/100 state=uploaded-shard-0.json video_id=26165419 http=200 len=10489
[20:29:29] OK 50/100 state=uploaded-shard-0.json video_id=26165438 http=200 len=10489
[20:29:30] OK 51/100 state=uploaded-shard-0.json video_id=26165472 http=200 len=10489
[20:29:31] OK 52/100 state=uploaded-shard-0.json video_id=26165542 http=200 len=10489
[20:29:31] OK 53/100 state=uploaded-shard-0.json video_id=26165586 http=200 len=10489
[20:29:32] OK 54/100 state=uploaded-shard-0.json video_id=26165601 http=200 len=10489
[20:29:33] OK 55/100 state=uploaded-shard-0.json video_id=26165621 http=200 len=10489
[20:29:34] OK 56/100 state=uploaded-shard-0.json video_id=26165642 http=200 len=10489
[20:29:35] OK 57/100 state=uploaded-shard-0.json video_id=26165663 http=200 len=10489
[20:29:36] OK 58/100 state=uploaded-shard-0.json video_id=26165681 http=200 len=10489
[20:29:37] OK 59/100 state=uploaded-shard-0.json video_id=26165695 http=200 len=10489
[20:29:37] OK 60/100 state=uploaded-shard-0.json video_id=26165716 http=200 len=10489
[20:29:38] OK 61/100 state=uploaded-shard-0.json video_id=26165732 http=200 len=10489
[20:29:39] OK 62/100 state=uploaded-shard-0.json video_id=26165752 http=200 len=10489
[20:29:40] OK 63/100 state=uploaded-shard-0.json video_id=26165772 http=200 len=10489
[20:29:41] OK 64/100 state=uploaded-shard-0.json video_id=26165794 http=200 len=10489
[20:29:42] OK 65/100 state=uploaded-shard-0.json video_id=26165349 http=200 len=10489
[20:29:43] OK 66/100 state=uploaded-shard-0.json video_id=26165368 http=200 len=10489
[20:29:43] OK 67/100 state=uploaded-shard-0.json video_id=26165386 http=200 len=10489
[20:29:44] OK 68/100 state=uploaded-shard-0.json video_id=26165406 http=200 len=10489
[20:29:45] OK 69/100 state=uploaded-shard-0.json video_id=26170196 http=200 len=10489
[20:29:46] OK 70/100 state=uploaded-shard-0.json video_id=26171595 http=200 len=10489
[20:29:47] OK 71/100 state=uploaded-shard-0.json video_id=26171710 http=200 len=10489
[20:29:48] OK 72/100 state=uploaded-shard-0.json video_id=26171762 http=200 len=10489
[20:29:49] OK 73/100 state=uploaded-shard-0.json video_id=26171796 http=200 len=10489
[20:29:50] OK 74/100 state=uploaded-shard-0.json video_id=26171835 http=200 len=10489
[20:29:51] OK 75/100 state=uploaded-shard-0.json video_id=26171871 http=200 len=10489
[20:29:52] OK 76/100 state=uploaded-shard-0.json video_id=26171942 http=200 len=10489
[20:29:52] OK 77/100 state=uploaded-shard-0.json video_id=26171997 http=200 len=10489
[20:29:53] OK 78/100 state=uploaded-shard-0.json video_id=26172031 http=200 len=10489
[20:29:54] OK 79/100 state=uploaded-shard-0.json video_id=26172066 http=200 len=10489
[20:29:55] OK 80/100 state=uploaded-shard-0.json video_id=26172128 http=200 len=10489
[20:29:56] OK 81/100 state=uploaded-shard-0.json video_id=26172176 http=200 len=10489
[20:29:57] OK 82/100 state=uploaded-shard-0.json video_id=26172243 http=200 len=10489
[20:29:58] OK 83/100 state=uploaded-shard-0.json video_id=26172286 http=200 len=10489
[20:29:59] OK 84/100 state=uploaded-shard-0.json video_id=26172350 http=200 len=10489
[20:30:00] OK 85/100 state=uploaded-shard-0.json video_id=26172462 http=200 len=10489
[20:30:01] OK 86/100 state=uploaded-shard-0.json video_id=26172549 http=200 len=10489
[20:30:02] OK 87/100 state=uploaded-shard-0.json video_id=26172615 http=200 len=10489
[20:30:03] OK 88/100 state=uploaded-shard-0.json video_id=26171969 http=200 len=10489
[20:30:04] OK 89/100 state=uploaded-shard-0.json video_id=26172014 http=200 len=10489
[20:30:05] OK 90/100 state=uploaded-shard-0.json video_id=26172067 http=200 len=10489
[20:30:05] OK 91/100 state=uploaded-shard-0.json video_id=26172116 http=200 len=10489
[20:30:06] OK 92/100 state=uploaded-shard-0.json video_id=26172145 http=200 len=10489
[20:30:07] OK 93/100 state=uploaded-shard-0.json video_id=26172186 http=200 len=10489
[20:30:08] OK 94/100 state=uploaded-shard-0.json video_id=26172248 http=200 len=10489
[20:30:09] OK 95/100 state=uploaded-shard-0.json video_id=26172320 http=200 len=10489
[20:30:09] OK 96/100 state=uploaded-shard-0.json video_id=26172392 http=200 len=10489
[20:30:11] OK 97/100 state=uploaded-shard-0.json video_id=26172457 http=200 len=10489
[20:30:12] OK 98/100 state=uploaded-shard-0.json video_id=26172546 http=200 len=10489
[20:30:13] OK 99/100 state=uploaded-shard-0.json video_id=26172699 http=200 len=10489
[20:30:14] OK 100/100 state=uploaded-shard-0.json video_id=26172741 http=200 len=10489
[20:30:14] done ok=100 fail=0
[23:03:42] start state_files=3 tasks=50 dry_run=False
[23:03:44] OK 1/50 state=uploaded-shard-0.json video_id=26133045 http=200 len=10323
[23:03:50] OK 2/50 state=uploaded-shard-0.json video_id=26133951 http=200 len=10323
[23:03:52] OK 3/50 state=uploaded-shard-0.json video_id=26135238 http=200 len=10323
[23:03:53] OK 4/50 state=uploaded-shard-0.json video_id=26136034 http=200 len=10323
[23:03:54] OK 5/50 state=uploaded-shard-0.json video_id=26136097 http=200 len=10323
[23:03:55] OK 6/50 state=uploaded-shard-0.json video_id=26136148 http=200 len=10323
[23:03:57] OK 7/50 state=uploaded-shard-0.json video_id=26136343 http=200 len=10323
[23:03:58] OK 8/50 state=uploaded-shard-0.json video_id=26136390 http=200 len=10323
[23:03:59] OK 9/50 state=uploaded-shard-0.json video_id=26136509 http=200 len=10323
[23:04:00] OK 10/50 state=uploaded-shard-0.json video_id=26136530 http=200 len=10323
[23:04:00] OK 11/50 state=uploaded-shard-0.json video_id=26136564 http=200 len=10323
[23:04:01] OK 12/50 state=uploaded-shard-0.json video_id=26136673 http=200 len=10323
[23:04:02] OK 13/50 state=uploaded-shard-0.json video_id=26136910 http=200 len=10323
[23:04:03] OK 14/50 state=uploaded-shard-0.json video_id=26137066 http=200 len=10323
[23:04:04] OK 15/50 state=uploaded-shard-0.json video_id=26137101 http=200 len=10323
[23:04:06] OK 16/50 state=uploaded-shard-0.json video_id=26137351 http=200 len=10323
[23:04:07] OK 17/50 state=uploaded-shard-0.json video_id=26137559 http=200 len=10323
[23:04:07] OK 18/50 state=uploaded-shard-0.json video_id=26137634 http=200 len=10323
[23:04:08] OK 19/50 state=uploaded-shard-0.json video_id=26137655 http=200 len=10323
[23:04:11] OK 20/50 state=uploaded-shard-0.json video_id=26137744 http=200 len=10323
[23:04:12] OK 21/50 state=uploaded-shard-0.json video_id=26137788 http=200 len=10323
[23:04:13] OK 22/50 state=uploaded-shard-0.json video_id=26137821 http=200 len=10323
[23:04:14] OK 23/50 state=uploaded-shard-0.json video_id=26137981 http=200 len=10323
[23:04:15] OK 24/50 state=uploaded-shard-0.json video_id=26138034 http=200 len=10323
[23:04:15] OK 25/50 state=uploaded-shard-0.json video_id=26138094 http=200 len=10323
[23:04:16] OK 26/50 state=uploaded-shard-0.json video_id=26138396 http=200 len=10323
[23:04:17] OK 27/50 state=uploaded-shard-0.json video_id=26138498 http=200 len=10323
[23:04:18] OK 28/50 state=uploaded-shard-0.json video_id=26138524 http=200 len=10323
[23:04:19] OK 29/50 state=uploaded-shard-0.json video_id=26138569 http=200 len=10323
[23:04:20] OK 30/50 state=uploaded-shard-0.json video_id=26172827 http=200 len=10323
[23:04:21] OK 31/50 state=uploaded-shard-0.json video_id=26172911 http=200 len=10323
[23:04:22] OK 32/50 state=uploaded-shard-0.json video_id=26172972 http=200 len=10323
[23:04:22] OK 33/50 state=uploaded-shard-0.json video_id=26173024 http=200 len=10323
[23:04:23] OK 34/50 state=uploaded-shard-0.json video_id=26173102 http=200 len=10323
[23:04:24] OK 35/50 state=uploaded-shard-0.json video_id=26173153 http=200 len=10323
[23:04:25] OK 36/50 state=uploaded-shard-0.json video_id=26173173 http=200 len=10323
[23:04:26] OK 37/50 state=uploaded-shard-0.json video_id=26172632 http=200 len=10323
[23:04:27] OK 38/50 state=uploaded-shard-0.json video_id=26172670 http=200 len=10323
[23:04:27] OK 39/50 state=uploaded-shard-0.json video_id=26172713 http=200 len=10323
[23:04:28] OK 40/50 state=uploaded-shard-0.json video_id=26172780 http=200 len=10323
[23:04:29] OK 41/50 state=uploaded-shard-0.json video_id=26172804 http=200 len=10323
[23:04:30] OK 42/50 state=uploaded-shard-0.json video_id=26172852 http=200 len=10323
[23:04:31] OK 43/50 state=uploaded-shard-0.json video_id=26172929 http=200 len=10323
[23:04:32] OK 44/50 state=uploaded-shard-0.json video_id=26172965 http=200 len=10323
[23:04:33] OK 45/50 state=uploaded-shard-0.json video_id=26173001 http=200 len=10323
[23:04:34] OK 46/50 state=uploaded-shard-0.json video_id=26173036 http=200 len=10323
[23:04:34] OK 47/50 state=uploaded-shard-0.json video_id=26173072 http=200 len=10323
[23:04:35] OK 48/50 state=uploaded-shard-0.json video_id=26173119 http=200 len=10323
[23:04:36] OK 49/50 state=uploaded-shard-0.json video_id=26173155 http=200 len=10323
[23:04:37] OK 50/50 state=uploaded-shard-0.json video_id=26173241 http=200 len=10323
[23:04:37] done ok=50 fail=0
[00:50:16] start state_files=3 tasks=100 dry_run=False
[00:50:18] OK 1/100 state=uploaded-shard-0.json video_id=26133045 http=200 len=10411
[00:50:19] OK 2/100 state=uploaded-shard-0.json video_id=26133951 http=200 len=10411
[00:50:20] OK 3/100 state=uploaded-shard-0.json video_id=26135238 http=200 len=10411
[00:50:20] OK 4/100 state=uploaded-shard-0.json video_id=26136034 http=200 len=10411
[00:50:21] OK 5/100 state=uploaded-shard-0.json video_id=26136097 http=200 len=10411
[00:50:23] OK 6/100 state=uploaded-shard-0.json video_id=26136148 http=200 len=10411
[00:50:24] OK 7/100 state=uploaded-shard-0.json video_id=26136343 http=200 len=10411
[00:50:25] OK 8/100 state=uploaded-shard-0.json video_id=26136390 http=200 len=10411
[00:50:25] OK 9/100 state=uploaded-shard-0.json video_id=26136509 http=200 len=10411
[00:50:26] OK 10/100 state=uploaded-shard-0.json video_id=26136530 http=200 len=10411
[00:50:27] OK 11/100 state=uploaded-shard-0.json video_id=26136564 http=200 len=10395
[00:50:28] OK 12/100 state=uploaded-shard-0.json video_id=26136673 http=200 len=10395
[00:50:29] OK 13/100 state=uploaded-shard-0.json video_id=26136910 http=200 len=10395
[00:50:30] OK 14/100 state=uploaded-shard-0.json video_id=26137066 http=200 len=10395
[00:50:31] OK 15/100 state=uploaded-shard-0.json video_id=26137101 http=200 len=10395
[00:50:32] OK 16/100 state=uploaded-shard-0.json video_id=26137351 http=200 len=10395
[00:50:33] OK 17/100 state=uploaded-shard-0.json video_id=26137559 http=200 len=10395
[00:50:34] OK 18/100 state=uploaded-shard-0.json video_id=26137634 http=200 len=10395
[00:50:35] OK 19/100 state=uploaded-shard-0.json video_id=26137655 http=200 len=10395
[00:50:35] OK 20/100 state=uploaded-shard-0.json video_id=26137744 http=200 len=10395
[00:50:36] OK 21/100 state=uploaded-shard-0.json video_id=26137788 http=200 len=10395
[00:50:37] OK 22/100 state=uploaded-shard-0.json video_id=26137821 http=200 len=10395
[00:50:39] OK 23/100 state=uploaded-shard-0.json video_id=26137981 http=200 len=10395
[00:50:40] OK 24/100 state=uploaded-shard-0.json video_id=26138034 http=200 len=10395
[00:50:41] OK 25/100 state=uploaded-shard-0.json video_id=26138094 http=200 len=10395
[00:50:42] OK 26/100 state=uploaded-shard-0.json video_id=26138396 http=200 len=10395
[00:50:43] OK 27/100 state=uploaded-shard-0.json video_id=26138498 http=200 len=10395
[00:50:44] OK 28/100 state=uploaded-shard-0.json video_id=26138524 http=200 len=10395
[00:50:45] OK 29/100 state=uploaded-shard-0.json video_id=26138569 http=200 len=10395
[00:50:47] OK 30/100 state=uploaded-shard-0.json video_id=26173263 http=200 len=10395
[00:50:48] OK 31/100 state=uploaded-shard-0.json video_id=26173281 http=200 len=10395
[00:50:49] OK 32/100 state=uploaded-shard-0.json video_id=26173350 http=200 len=10395
[00:50:50] OK 33/100 state=uploaded-shard-0.json video_id=26173522 http=200 len=10395
[00:50:51] OK 34/100 state=uploaded-shard-0.json video_id=26173572 http=200 len=10395
[00:50:52] OK 35/100 state=uploaded-shard-0.json video_id=26173596 http=200 len=10395
[00:50:52] OK 36/100 state=uploaded-shard-0.json video_id=26173620 http=200 len=10395
[00:50:53] OK 37/100 state=uploaded-shard-0.json video_id=26173666 http=200 len=10395
[00:50:54] OK 38/100 state=uploaded-shard-0.json video_id=26173248 http=200 len=10395
[00:50:55] OK 39/100 state=uploaded-shard-0.json video_id=26173318 http=200 len=10395
[00:50:56] OK 40/100 state=uploaded-shard-0.json video_id=26173394 http=200 len=10395
[00:50:57] OK 41/100 state=uploaded-shard-0.json video_id=26173446 http=200 len=10395
[00:50:58] OK 42/100 state=uploaded-shard-0.json video_id=26173516 http=200 len=10395
[00:50:59] OK 43/100 state=uploaded-shard-0.json video_id=26173581 http=200 len=10395
[00:50:59] OK 44/100 state=uploaded-shard-0.json video_id=26173623 http=200 len=10395
[00:51:00] OK 45/100 state=uploaded-shard-0.json video_id=26173774 http=200 len=10395
[00:51:01] OK 46/100 state=uploaded-shard-0.json video_id=26173840 http=200 len=10395
[00:51:02] OK 47/100 state=uploaded-shard-0.json video_id=26173940 http=200 len=10395
[00:51:03] OK 48/100 state=uploaded-shard-0.json video_id=26174021 http=200 len=10395
[00:51:04] OK 49/100 state=uploaded-shard-0.json video_id=26174093 http=200 len=10395
[00:51:05] OK 50/100 state=uploaded-shard-0.json video_id=26174140 http=200 len=10395
[00:51:06] OK 51/100 state=uploaded-shard-0.json video_id=26174396 http=200 len=10395
[00:51:07] OK 52/100 state=uploaded-shard-0.json video_id=26174432 http=200 len=10395
[00:51:08] OK 53/100 state=uploaded-shard-0.json video_id=26174454 http=200 len=10395
[00:51:08] OK 54/100 state=uploaded-shard-0.json video_id=26174466 http=200 len=10395
[00:51:09] OK 55/100 state=uploaded-shard-0.json video_id=26174495 http=200 len=10395
[00:51:10] OK 56/100 state=uploaded-shard-0.json video_id=26174532 http=200 len=10395
[00:51:11] OK 57/100 state=uploaded-shard-0.json video_id=26174733 http=200 len=10395
[00:51:12] OK 58/100 state=uploaded-shard-0.json video_id=26173685 http=200 len=10395
[00:51:13] OK 59/100 state=uploaded-shard-0.json video_id=26173806 http=200 len=10395
[00:51:14] OK 60/100 state=uploaded-shard-0.json video_id=26174079 http=200 len=10395
[00:51:15] OK 61/100 state=uploaded-shard-0.json video_id=26174122 http=200 len=10395
[00:51:16] OK 62/100 state=uploaded-shard-0.json video_id=26174141 http=200 len=10395
[00:51:16] OK 63/100 state=uploaded-shard-0.json video_id=26174198 http=200 len=10395
[00:51:17] OK 64/100 state=uploaded-shard-0.json video_id=26174296 http=200 len=10395
[00:51:18] OK 65/100 state=uploaded-shard-0.json video_id=26174343 http=200 len=10395
[00:51:19] OK 66/100 state=uploaded-shard-0.json video_id=26174649 http=200 len=10395
[00:51:20] OK 67/100 state=uploaded-shard-0.json video_id=26174786 http=200 len=10395
[00:51:21] OK 68/100 state=uploaded-shard-0.json video_id=26174878 http=200 len=10395
[00:51:22] OK 69/100 state=uploaded-shard-0.json video_id=26175058 http=200 len=10395
[00:51:23] OK 70/100 state=uploaded-shard-0.json video_id=26175232 http=200 len=10395
[00:51:24] OK 71/100 state=uploaded-shard-0.json video_id=26175247 http=200 len=10395
[00:51:24] OK 72/100 state=uploaded-shard-0.json video_id=26175263 http=200 len=10395
[00:51:25] OK 73/100 state=uploaded-shard-0.json video_id=26175279 http=200 len=10395
[00:51:26] OK 74/100 state=uploaded-shard-0.json video_id=26175438 http=200 len=10395
[00:51:27] OK 75/100 state=uploaded-shard-0.json video_id=26175452 http=200 len=10395
[00:51:29] OK 76/100 state=uploaded-shard-0.json video_id=26175654 http=200 len=10395
[00:51:29] OK 77/100 state=uploaded-shard-0.json video_id=26175717 http=200 len=10395
[00:51:30] OK 78/100 state=uploaded-shard-0.json video_id=26176098 http=200 len=10395
[00:51:31] OK 79/100 state=uploaded-shard-0.json video_id=26176285 http=200 len=10395
[00:51:32] OK 80/100 state=uploaded-shard-0.json video_id=26176584 http=200 len=10395
[00:51:33] OK 81/100 state=uploaded-shard-0.json video_id=26176755 http=200 len=10395
[00:51:34] OK 82/100 state=uploaded-shard-0.json video_id=26177831 http=200 len=10395
[00:51:35] OK 83/100 state=uploaded-shard-0.json video_id=26177899 http=200 len=10395
[00:51:36] OK 84/100 state=uploaded-shard-0.json video_id=26177938 http=200 len=10395
[00:51:38] OK 85/100 state=uploaded-shard-0.json video_id=26178049 http=200 len=10395
[00:51:39] OK 86/100 state=uploaded-shard-0.json video_id=26178294 http=200 len=10391
[00:51:41] OK 87/100 state=uploaded-shard-0.json video_id=26174734 http=200 len=10391
[00:51:42] OK 88/100 state=uploaded-shard-0.json video_id=26174859 http=200 len=10391
[00:51:43] OK 89/100 state=uploaded-shard-0.json video_id=26175097 http=200 len=10411
[00:51:44] OK 90/100 state=uploaded-shard-0.json video_id=26175115 http=200 len=10411
[00:51:44] OK 91/100 state=uploaded-shard-0.json video_id=26175135 http=200 len=10411
[00:51:45] OK 92/100 state=uploaded-shard-0.json video_id=26175168 http=200 len=10411
[00:51:46] OK 93/100 state=uploaded-shard-0.json video_id=26175179 http=200 len=10411
[00:51:47] OK 94/100 state=uploaded-shard-0.json video_id=26175188 http=200 len=10411
[00:51:48] OK 95/100 state=uploaded-shard-0.json video_id=26175468 http=200 len=10411
[00:51:49] OK 96/100 state=uploaded-shard-0.json video_id=26176192 http=200 len=10411
[00:51:50] OK 97/100 state=uploaded-shard-0.json video_id=26176321 http=200 len=10411
[00:51:51] OK 98/100 state=uploaded-shard-0.json video_id=26176560 http=200 len=10411
[00:51:52] OK 99/100 state=uploaded-shard-0.json video_id=26177020 http=200 len=10411
[00:51:52] OK 100/100 state=uploaded-shard-0.json video_id=26177064 http=200 len=10411
[00:51:53] done ok=100 fail=0
[01:07:11] start state_files=3 tasks=50 dry_run=False
[01:07:13] OK 1/50 state=uploaded-shard-0.json video_id=26177113 http=200 len=10369
[01:07:14] OK 2/50 state=uploaded-shard-0.json video_id=26177140 http=200 len=10369
[01:07:15] OK 3/50 state=uploaded-shard-0.json video_id=26177434 http=200 len=10369
[01:07:16] OK 4/50 state=uploaded-shard-0.json video_id=26177461 http=200 len=10369
[01:07:17] OK 5/50 state=uploaded-shard-0.json video_id=26177480 http=200 len=10369
[01:07:18] OK 6/50 state=uploaded-shard-0.json video_id=26177523 http=200 len=10369
[01:07:19] OK 7/50 state=uploaded-shard-0.json video_id=26177601 http=200 len=10369
[01:07:20] OK 8/50 state=uploaded-shard-0.json video_id=26177760 http=200 len=10369
[01:07:21] OK 9/50 state=uploaded-shard-0.json video_id=26177857 http=200 len=10369
[01:07:21] OK 10/50 state=uploaded-shard-0.json video_id=26177933 http=200 len=10369
[01:07:22] OK 11/50 state=uploaded-shard-0.json video_id=26178498 http=200 len=10369
[01:07:24] OK 12/50 state=uploaded-shard-0.json video_id=26178563 http=200 len=10369
[01:07:27] OK 13/50 state=uploaded-shard-0.json video_id=26178855 http=200 len=10369
[01:07:28] OK 14/50 state=uploaded-shard-0.json video_id=26178964 http=200 len=10369
[01:07:29] OK 15/50 state=uploaded-shard-0.json video_id=26179035 http=200 len=10369
[01:07:30] OK 16/50 state=uploaded-shard-0.json video_id=26179137 http=200 len=10369
[01:07:30] OK 17/50 state=uploaded-shard-0.json video_id=26179166 http=200 len=10369
[01:07:31] OK 18/50 state=uploaded-shard-0.json video_id=26179210 http=200 len=10369
[01:07:32] OK 19/50 state=uploaded-shard-0.json video_id=26179230 http=200 len=10369
[01:07:33] OK 20/50 state=uploaded-shard-0.json video_id=26179389 http=200 len=10369
[01:07:34] OK 21/50 state=uploaded-shard-0.json video_id=26179405 http=200 len=10369
[01:07:35] OK 22/50 state=uploaded-shard-0.json video_id=26179413 http=200 len=10369
[01:07:36] OK 23/50 state=uploaded-shard-0.json video_id=26179425 http=200 len=10369
[01:07:37] OK 24/50 state=uploaded-shard-0.json video_id=26179524 http=200 len=10369
[01:07:38] OK 25/50 state=uploaded-shard-0.json video_id=26179655 http=200 len=10369
[01:07:39] OK 26/50 state=uploaded-shard-0.json video_id=26179661 http=200 len=10369
[01:07:40] OK 27/50 state=uploaded-shard-0.json video_id=26179033 http=200 len=10369
[01:07:41] OK 28/50 state=uploaded-shard-0.json video_id=26179498 http=200 len=10369
[01:07:42] OK 29/50 state=uploaded-shard-0.json video_id=26179553 http=200 len=10369
[01:07:43] OK 30/50 state=uploaded-shard-0.json video_id=26179626 http=200 len=10369
[01:07:44] OK 31/50 state=uploaded-shard-0.json video_id=26179686 http=200 len=10369
[01:07:44] OK 32/50 state=uploaded-shard-0.json video_id=26179752 http=200 len=10369
[01:07:45] OK 33/50 state=uploaded-shard-0.json video_id=26179761 http=200 len=10369
[01:07:46] OK 34/50 state=uploaded-shard-0.json video_id=26180878 http=200 len=10369
[01:07:47] OK 35/50 state=uploaded-shard-0.json video_id=26180916 http=200 len=10369
[01:07:48] OK 36/50 state=uploaded-shard-0.json video_id=26180951 http=200 len=10369
[01:07:49] OK 37/50 state=uploaded-shard-0.json video_id=26180991 http=200 len=10369
[01:07:50] OK 38/50 state=uploaded-shard-0.json video_id=26181020 http=200 len=10369
[01:07:51] OK 39/50 state=uploaded-shard-0.json video_id=26181042 http=200 len=10369
[01:07:52] OK 40/50 state=uploaded-shard-0.json video_id=26181080 http=200 len=10369
[01:07:53] OK 41/50 state=uploaded-shard-0.json video_id=26181146 http=200 len=10369
[01:07:54] OK 42/50 state=uploaded-shard-0.json video_id=26181206 http=200 len=10369
[01:07:55] OK 43/50 state=uploaded-shard-0.json video_id=26181238 http=200 len=10369
[01:07:56] OK 44/50 state=uploaded-shard-0.json video_id=26181293 http=200 len=10369
[01:07:57] OK 45/50 state=uploaded-shard-0.json video_id=26181375 http=200 len=10369
[01:07:57] OK 46/50 state=uploaded-shard-0.json video_id=26181430 http=200 len=10369
[01:07:58] OK 47/50 state=uploaded-shard-0.json video_id=26181509 http=200 len=10369
[01:07:59] OK 48/50 state=uploaded-shard-0.json video_id=26181576 http=200 len=10369
[01:08:00] OK 49/50 state=uploaded-shard-0.json video_id=26181641 http=200 len=10369
[01:08:01] OK 50/50 state=uploaded-shard-0.json video_id=26181709 http=200 len=10369
[01:08:01] done ok=50 fail=0
