
===== run 2026-06-20T08:16:39Z shard=0/2 batch_size=20 (https://github.com/Olbrasoft/series-to-prehrajto/actions/runs/27865366867) =====
[08:16:39] batch-start count=20 backlog=205 uploads=163 failed=92
[08:16:39] description-plans series=4 episodes=82 require=True
[08:16:39] source-plans episodes=291 require=True
[08:16:39] login
[08:16:41] login done
[08:16:41] iteration 1/20
[08:16:41] episode episode_id=9686 name='Stranger Things S04E03 - Kapitola třetí: Monstrum a superhrdina CZ Dabing' candidates=1
[08:16:41]   candidate source_id=7209069 lang=CZ_DUB url=https://prehraj.to/stranger-things-s04e03-cz-dabing-mkv/1f65234f3bff294c
[08:16:42]   resolved in 1.1s -> 1080p
[08:17:24]   downloaded 1,452.2 MB in 40.9s
[08:18:24]   upload done video_id=26155805 in 59.2s
[08:18:25] iteration 2/20
[08:18:25] episode episode_id=9684 name='Stranger Things S04E05 - Kapitola pátá: Projekt Nina CZ Dabing' candidates=1
[08:18:25]   candidate source_id=7204179 lang=CZ_DUB url=https://prehraj.to/stranger-things-s04e05-cz-dabing/62963b61213f2
[08:18:26]   resolved in 1.3s -> 1080p
[08:19:29]   downloaded 1,823.3 MB in 62.1s
[08:20:51]   upload done video_id=26155878 in 81.9s
[08:20:52] iteration 3/20
[08:20:52] episode episode_id=9678 name='Stranger Things S04E06 - Kapitola šestá: Do hloubky CZ Dabing' candidates=1
[08:20:52]   candidate source_id=7204186 lang=CZ_DUB url=https://prehraj.to/stranger-things-s04e06-cz-dabing/62966deaa8767
[08:20:55]   resolved in 2.6s -> 1080p
[08:21:56]   downloaded 1,712.6 MB in 59.1s
[08:23:21]   upload done video_id=26155967 in 84.8s
