
===== run 2026-06-20T08:09:20Z shard=1/2 batch_size= (https://github.com/Olbrasoft/series-to-prehrajto/actions/runs/27865202344) =====
[08:09:21] batch-start count=5 backlog=205 uploads=162 failed=92
[08:09:21] description-plans series=4 episodes=82 require=True
[08:09:21] source-plans episodes=291 require=True
[08:09:21] login
[08:09:24] login done
[08:09:24] iteration 1/5
[08:09:24] episode episode_id=9685 name='Stranger Things S04E04 - Kapitola čtvrtá: Drahý Billy CZ Dabing' candidates=1
[08:09:24]   candidate source_id=7204102 lang=CZ_DUB url=https://prehraj.to/stranger-things-s04e04-czdab/6292df492cc63
[08:09:26]   resolved in 1.7s -> 1080p
[08:11:04]   downloaded 1,794.6 MB in 95.8s
[08:12:46]   upload done video_id=26155631 in 101.4s
[08:12:47] iteration 2/5
[08:12:47] episode episode_id=9677 name='Stranger Things S04E07 - Kapitola sedmá: Masakr v laboratoři CZ Dabing' candidates=1
[08:12:47]   candidate source_id=7204191 lang=CZ_DUB url=https://prehraj.to/stranger-things-s04e07-cz-dabing/6297d4a538f92
[08:12:49]   resolved in 2.2s -> 1080p
[08:14:58]   downloaded 2,381.6 MB in 126.7s

===== run 2026-06-20T08:16:44Z shard=1/2 batch_size=20 (https://github.com/Olbrasoft/series-to-prehrajto/actions/runs/27865366867) =====
[08:16:45] batch-start count=20 backlog=205 uploads=163 failed=92
[08:16:45] description-plans series=4 episodes=82 require=True
[08:16:45] source-plans episodes=291 require=True
[08:16:45] login
[08:16:56] login done
[08:16:56] iteration 1/20
[08:16:56] episode episode_id=9677 name='Stranger Things S04E07 - Kapitola sedmá: Masakr v laboratoři CZ Dabing' candidates=1
[08:16:56]   candidate source_id=7204191 lang=CZ_DUB url=https://prehraj.to/stranger-things-s04e07-cz-dabing/6297d4a538f92
[08:16:58]   resolved in 2.1s -> 1080p
[08:18:53]   downloaded 2,381.6 MB in 113.7s
[08:21:02]   upload done video_id=26155856 in 128.2s
[08:21:03] iteration 2/20
[08:21:03] episode episode_id=9679 name='Stranger Things S04E09 - Kapitola devátá: Hon na Vecnu CZ Dabing' candidates=1
[08:21:03]   candidate source_id=7204269 lang=CZ_DUB url=https://prehraj.to/stranger-things-s04e09-cz-dabing/62c022024082b
[08:21:04]   resolved in 1.3s -> 1080p
[08:23:23]   downloaded 3,644.4 MB in 137.2s
[08:27:24]   upload done video_id=26156030 in 240.3s
[08:27:25] iteration 3/20
[08:27:25] episode episode_id=2643 name='Stranger Things S05E02 - Kapitola druhá: Zmizení CZ Dabing' candidates=1
[08:27:25]   candidate source_id=7209674 lang=CZ_DUB url=https://prehraj.to/stranger-things-s05e02-2160p-cz-dabing-mkv/d7e27878dc424dda
[08:27:26]   resolved in 1.3s -> 1080p
[08:28:05]   downloaded 879.4 MB in 36.2s
[08:29:10]   upload done video_id=26156234 in 65.1s
