
===== run 2026-06-19T10:03:04Z shard=0/1 batch_size=1 (https://github.com/Olbrasoft/series-to-prehrajto/actions/runs/27819119682) =====
[10:03:05] batch-start count=1 backlog=80 uploads=0 failed=0
[10:03:05] login
[10:03:06] login done
[10:03:06] iteration 1/1
[10:03:06] episode episode_id=2909 name='Perníkový táta S01E01 - Pilotní díl CZ Dabing' candidates=8
[10:03:06]   candidate source_id=8129293 lang=CZ_DUB url=https://prehraj.to/pernikovy-tata-s01e01-cz-dabing-1080p-fullhd/65f740355e8fe
[10:03:07]   resolved in 1.1s -> 1080p
[10:03:49]   downloaded 1,454.7 MB in 39.9s
[10:04:59]   upload done video_id=26120835 in 70.2s
[10:05:00] batch-end ok=1 failed=0

===== run 2026-06-19T10:06:20Z shard=0/1 batch_size=3 (https://github.com/Olbrasoft/series-to-prehrajto/actions/runs/27819288812) =====
[10:06:20] batch-start count=3 backlog=80 uploads=1 failed=0
[10:06:20] login
[10:06:21] login done
[10:06:21] iteration 1/3
[10:06:21] episode episode_id=2910 name='Perníkový táta S01E02 - Kočka v pytli CZ Dabing' candidates=8
[10:06:21]   candidate source_id=7795083 lang=CZ_DUB url=https://prehraj.to/breaking-bad-s01e02-cz-dabing-1080p-fullhd/65fea127f0171
[10:06:23]   resolved in 1.1s -> 1080p
[10:07:01]   downloaded 1,261.8 MB in 36.6s
[10:08:41]   upload done video_id=26120901 in 99.7s
